Temp/gradleOut/launcher/build/intermediates/manifest_merge_blame_file/release/manifest-merger-blame-release-report.txt
1<?xml version="1.0" encoding="utf-8"?>
2<!-- GENERATED BY UNITY. REMOVE THIS COMMENT TO PREVENT OVERWRITING WHEN EXPORTING AGAIN -->
3<manifest xmlns:android="http://schemas.android.com/apk/res/android"
4    package="com.SimpleIsBestByHyun.rockPaperScissorsByHyun"
5    android:installLocation="preferExternal"
6    android:versionCode="5"
7    android:versionName="1.1" >
8
9    <uses-sdk
10        android:minSdkVersion="30"
10-->src/main/AndroidManifest.xml
11        android:targetSdkVersion="30" />
11-->src/main/AndroidManifest.xml
12
13    <supports-screens
13-->src/main/AndroidManifest.xml:4:3-163
14        android:anyDensity="true"
14-->src/main/AndroidManifest.xml:4:135-160
15        android:largeScreens="true"
15-->src/main/AndroidManifest.xml:4:78-105
16        android:normalScreens="true"
16-->src/main/AndroidManifest.xml:4:49-77
17        android:smallScreens="true"
17-->src/main/AndroidManifest.xml:4:21-48
18        android:xlargeScreens="true" />
18-->src/main/AndroidManifest.xml:4:106-134
19
20    <uses-feature android:glEsVersion="0x00030000" />
20-->[:unityLibrary] AndroidManifest.xml:13:5-54
20-->[:unityLibrary] AndroidManifest.xml:13:19-51
21    <uses-feature
21-->[:unityLibrary] AndroidManifest.xml:14:5-16:36
22        android:name="android.hardware.vulkan.version"
22-->[:unityLibrary] AndroidManifest.xml:15:9-55
23        android:required="false" />
23-->[:unityLibrary] AndroidManifest.xml:16:9-33
24    <uses-feature
24-->[:unityLibrary] AndroidManifest.xml:17:5-19:36
25        android:name="android.hardware.touchscreen"
25-->[:unityLibrary] AndroidManifest.xml:18:9-52
26        android:required="false" />
26-->[:unityLibrary] AndroidManifest.xml:19:9-33
27    <uses-feature
27-->[:unityLibrary] AndroidManifest.xml:20:5-22:36
28        android:name="android.hardware.touchscreen.multitouch"
28-->[:unityLibrary] AndroidManifest.xml:21:9-63
29        android:required="false" />
29-->[:unityLibrary] AndroidManifest.xml:22:9-33
30    <uses-feature
30-->[:unityLibrary] AndroidManifest.xml:23:5-25:36
31        android:name="android.hardware.touchscreen.multitouch.distinct"
31-->[:unityLibrary] AndroidManifest.xml:24:9-72
32        android:required="false" />
32-->[:unityLibrary] AndroidManifest.xml:25:9-33
33
34    <uses-permission android:name="android.permission.WAKE_LOCK" />
34-->[:androidx.work.work-runtime-2.7.0:] AndroidManifest.xml:19:3-66
34-->[:androidx.work.work-runtime-2.7.0:] AndroidManifest.xml:19:20-63
35    <uses-permission android:name="android.permission.ACCESS_NETWORK_STATE" />
35-->[:androidx.work.work-runtime-2.7.0:] AndroidManifest.xml:20:3-77
35-->[:androidx.work.work-runtime-2.7.0:] AndroidManifest.xml:20:20-74
36    <uses-permission android:name="android.permission.FOREGROUND_SERVICE" /> <!-- Include required permissions for Advertising Id -->
36-->[:androidx.work.work-runtime-2.7.0:] AndroidManifest.xml:22:3-75
36-->[:androidx.work.work-runtime-2.7.0:] AndroidManifest.xml:22:20-72
37    <uses-permission android:name="com.google.android.gms.permission.AD_ID" /> <!-- Include required permissions for Google Mobile Ads to run -->
37-->[:com.google.android.gms.play-services-ads-identifier-18.0.0:] AndroidManifest.xml:23:5-79
37-->[:com.google.android.gms.play-services-ads-identifier-18.0.0:] AndroidManifest.xml:23:22-76
38    <uses-permission android:name="android.permission.INTERNET" /> <!-- Android package visibility setting -->
38-->[:com.google.android.gms.play-services-ads-lite-22.3.0:] AndroidManifest.xml:20:3-65
38-->[:com.google.android.gms.play-services-ads-lite-22.3.0:] AndroidManifest.xml:20:20-62
39    <queries>
39-->[:com.google.android.gms.play-services-ads-lite-22.3.0:] AndroidManifest.xml:25:3-38:13
40
41        <!-- For browser content -->
42        <intent>
42-->[:com.google.android.gms.play-services-ads-lite-22.3.0:] AndroidManifest.xml:27:5-31:14
43            <action android:name="android.intent.action.VIEW" />
43-->[:com.google.android.gms.play-services-ads-lite-22.3.0:] AndroidManifest.xml:28:7-59
43-->[:com.google.android.gms.play-services-ads-lite-22.3.0:] AndroidManifest.xml:28:15-56
44
45            <category android:name="android.intent.category.BROWSABLE" />
45-->[:com.google.android.gms.play-services-ads-lite-22.3.0:] AndroidManifest.xml:29:7-68
45-->[:com.google.android.gms.play-services-ads-lite-22.3.0:] AndroidManifest.xml:29:17-65
46
47            <data android:scheme="https" />
47-->[:com.google.android.gms.play-services-ads-lite-22.3.0:] AndroidManifest.xml:30:7-38
47-->[:com.google.android.gms.play-services-ads-lite-22.3.0:] AndroidManifest.xml:30:13-35
48        </intent>
49        <!-- End of browser content -->
50        <!-- For CustomTabsService -->
51        <intent>
51-->[:com.google.android.gms.play-services-ads-lite-22.3.0:] AndroidManifest.xml:27:5-31:14
52            <action android:name="android.support.customtabs.action.CustomTabsService" />
53        </intent>
54        <!-- End of CustomTabsService -->
55    </queries>
56
57    <application
57-->src/main/AndroidManifest.xml:5:3-214
58        android:allowBackup="false"
58-->src/main/AndroidManifest.xml:5:114-141
59        android:appComponentFactory="androidx.core.app.CoreComponentFactory"
59-->[:androidx.core.core-1.6.0:] AndroidManifest.xml:24:18-86
60        android:extractNativeLibs="true"
60-->src/main/AndroidManifest.xml:5:16-48
61        android:fullBackupContent="false"
61-->src/main/AndroidManifest.xml:5:142-175
62        android:icon="@mipmap/app_icon"
62-->src/main/AndroidManifest.xml:5:82-113
63        android:label="@string/app_name" >
63-->src/main/AndroidManifest.xml:5:49-81
64        <activity
64-->[:unityLibrary] AndroidManifest.xml:28:9-49:20
65            android:name="com.unity3d.player.UnityPlayerActivity"
65-->[:unityLibrary] AndroidManifest.xml:29:13-66
66            android:configChanges="mcc|mnc|locale|touchscreen|keyboard|keyboardHidden|navigation|orientation|screenLayout|uiMode|screenSize|smallestScreenSize|fontScale|layoutDirection|density"
66-->[:unityLibrary] AndroidManifest.xml:30:13-194
67            android:exported="false"
67-->[:unityLibrary] AndroidManifest.xml:31:13-37
68            android:hardwareAccelerated="false"
68-->[:unityLibrary] AndroidManifest.xml:32:13-48
69            android:launchMode="singleTask"
69-->[:unityLibrary] AndroidManifest.xml:33:13-44
70            android:resizeableActivity="false"
70-->[:unityLibrary] AndroidManifest.xml:34:13-47
71            android:screenOrientation="portrait"
71-->[:unityLibrary] AndroidManifest.xml:35:13-49
72            android:theme="@style/UnityThemeSelector" >
72-->[:unityLibrary] AndroidManifest.xml:36:13-54
73            <intent-filter>
73-->[:unityLibrary] AndroidManifest.xml:37:13-41:29
74                <action android:name="android.intent.action.MAIN" />
74-->[:unityLibrary] AndroidManifest.xml:38:17-69
74-->[:unityLibrary] AndroidManifest.xml:38:25-66
75
76                <category android:name="android.intent.category.LAUNCHER" />
76-->[:unityLibrary] AndroidManifest.xml:40:17-77
76-->[:unityLibrary] AndroidManifest.xml:40:27-74
77            </intent-filter>
78
79            <meta-data
79-->[:unityLibrary] AndroidManifest.xml:43:13-45:40
80                android:name="unityplayer.UnityActivity"
80-->[:unityLibrary] AndroidManifest.xml:44:17-57
81                android:value="true" />
81-->[:unityLibrary] AndroidManifest.xml:45:17-37
82            <meta-data
82-->[:unityLibrary] AndroidManifest.xml:46:13-48:40
83                android:name="android.notch_support"
83-->[:unityLibrary] AndroidManifest.xml:47:17-53
84                android:value="true" />
84-->[:unityLibrary] AndroidManifest.xml:48:17-37
85        </activity>
86
87        <meta-data
87-->[:unityLibrary] AndroidManifest.xml:51:9-53:33
88            android:name="unity.splash-mode"
88-->[:unityLibrary] AndroidManifest.xml:52:13-45
89            android:value="0" />
89-->[:unityLibrary] AndroidManifest.xml:53:13-30
90        <meta-data
90-->[:unityLibrary] AndroidManifest.xml:54:9-56:36
91            android:name="unity.splash-enable"
91-->[:unityLibrary] AndroidManifest.xml:55:13-47
92            android:value="True" />
92-->[:unityLibrary] AndroidManifest.xml:56:13-33
93        <meta-data
93-->[:unityLibrary] AndroidManifest.xml:57:9-59:37
94            android:name="unity.allow-resizable-window"
94-->[:unityLibrary] AndroidManifest.xml:58:13-56
95            android:value="False" />
95-->[:unityLibrary] AndroidManifest.xml:59:13-34
96        <meta-data
96-->[:unityLibrary] AndroidManifest.xml:60:9-62:50
97            android:name="notch.config"
97-->[:unityLibrary] AndroidManifest.xml:61:13-40
98            android:value="portrait|landscape" />
98-->[:unityLibrary] AndroidManifest.xml:62:13-47
99        <meta-data
99-->[:unityLibrary] AndroidManifest.xml:63:9-65:68
100            android:name="unity.build-id"
100-->[:unityLibrary] AndroidManifest.xml:64:13-42
101            android:value="c46f09e5-c794-40d6-9305-4d1361734514" />
101-->[:unityLibrary] AndroidManifest.xml:65:13-65
102
103        <service
103-->[:androidx.room.room-runtime-2.2.5:] AndroidManifest.xml:25:9-28:40
104            android:name="androidx.room.MultiInstanceInvalidationService"
104-->[:androidx.room.room-runtime-2.2.5:] AndroidManifest.xml:26:13-74
105            android:directBootAware="true"
105-->[:androidx.room.room-runtime-2.2.5:] AndroidManifest.xml:27:13-43
106            android:exported="false" />
106-->[:androidx.room.room-runtime-2.2.5:] AndroidManifest.xml:28:13-37
107
108        <provider
108-->[:androidx.startup.startup-runtime-1.0.0:] AndroidManifest.xml:20:5-202
109            android:name="androidx.startup.InitializationProvider"
109-->[:androidx.startup.startup-runtime-1.0.0:] AndroidManifest.xml:20:15-69
110            android:authorities="com.SimpleIsBestByHyun.rockPaperScissorsByHyun.androidx-startup"
110-->[:androidx.startup.startup-runtime-1.0.0:] AndroidManifest.xml:20:70-155
111            android:exported="false" >
111-->[:androidx.startup.startup-runtime-1.0.0:] AndroidManifest.xml:20:156-180
112            <meta-data
112-->[:androidx.work.work-runtime-2.7.0:] AndroidManifest.xml:25:7-105
113                android:name="androidx.work.WorkManagerInitializer"
113-->[:androidx.work.work-runtime-2.7.0:] AndroidManifest.xml:25:18-69
114                android:value="androidx.startup" />
114-->[:androidx.work.work-runtime-2.7.0:] AndroidManifest.xml:25:70-102
115        </provider>
116
117        <service
117-->[:androidx.work.work-runtime-2.7.0:] AndroidManifest.xml:27:5-229
118            android:name="androidx.work.impl.background.systemalarm.SystemAlarmService"
118-->[:androidx.work.work-runtime-2.7.0:] AndroidManifest.xml:27:14-89
119            android:directBootAware="false"
119-->[:androidx.work.work-runtime-2.7.0:] AndroidManifest.xml:27:90-121
120            android:enabled="@bool/enable_system_alarm_service_default"
120-->[:androidx.work.work-runtime-2.7.0:] AndroidManifest.xml:27:122-181
121            android:exported="false" />
121-->[:androidx.work.work-runtime-2.7.0:] AndroidManifest.xml:27:182-206
122        <service
122-->[:androidx.work.work-runtime-2.7.0:] AndroidManifest.xml:28:5-279
123            android:name="androidx.work.impl.background.systemjob.SystemJobService"
123-->[:androidx.work.work-runtime-2.7.0:] AndroidManifest.xml:28:14-85
124            android:directBootAware="false"
124-->[:androidx.work.work-runtime-2.7.0:] AndroidManifest.xml:28:86-117
125            android:enabled="@bool/enable_system_job_service_default"
125-->[:androidx.work.work-runtime-2.7.0:] AndroidManifest.xml:28:118-175
126            android:exported="true"
126-->[:androidx.work.work-runtime-2.7.0:] AndroidManifest.xml:28:176-199
127            android:permission="android.permission.BIND_JOB_SERVICE" />
127-->[:androidx.work.work-runtime-2.7.0:] AndroidManifest.xml:28:200-256
128        <service
128-->[:androidx.work.work-runtime-2.7.0:] AndroidManifest.xml:29:5-227
129            android:name="androidx.work.impl.foreground.SystemForegroundService"
129-->[:androidx.work.work-runtime-2.7.0:] AndroidManifest.xml:29:14-82
130            android:directBootAware="false"
130-->[:androidx.work.work-runtime-2.7.0:] AndroidManifest.xml:29:83-114
131            android:enabled="@bool/enable_system_foreground_service_default"
131-->[:androidx.work.work-runtime-2.7.0:] AndroidManifest.xml:29:115-179
132            android:exported="false" />
132-->[:androidx.work.work-runtime-2.7.0:] AndroidManifest.xml:29:180-204
133
134        <receiver
134-->[:androidx.work.work-runtime-2.7.0:] AndroidManifest.xml:30:5-193
135            android:name="androidx.work.impl.utils.ForceStopRunnable$BroadcastReceiver"
135-->[:androidx.work.work-runtime-2.7.0:] AndroidManifest.xml:30:15-90
136            android:directBootAware="false"
136-->[:androidx.work.work-runtime-2.7.0:] AndroidManifest.xml:30:91-122
137            android:enabled="true"
137-->[:androidx.work.work-runtime-2.7.0:] AndroidManifest.xml:30:123-145
138            android:exported="false" />
138-->[:androidx.work.work-runtime-2.7.0:] AndroidManifest.xml:30:146-170
139        <receiver
139-->[:androidx.work.work-runtime-2.7.0:] AndroidManifest.xml:31:5-36:16
140            android:name="androidx.work.impl.background.systemalarm.ConstraintProxy$BatteryChargingProxy"
140-->[:androidx.work.work-runtime-2.7.0:] AndroidManifest.xml:31:15-108
141            android:directBootAware="false"
141-->[:androidx.work.work-runtime-2.7.0:] AndroidManifest.xml:31:109-140
142            android:enabled="false"
142-->[:androidx.work.work-runtime-2.7.0:] AndroidManifest.xml:31:141-164
143            android:exported="false" >
143-->[:androidx.work.work-runtime-2.7.0:] AndroidManifest.xml:31:165-189
144            <intent-filter>
144-->[:androidx.work.work-runtime-2.7.0:] AndroidManifest.xml:32:7-35:23
145                <action android:name="android.intent.action.ACTION_POWER_CONNECTED" />
145-->[:androidx.work.work-runtime-2.7.0:] AndroidManifest.xml:33:9-79
145-->[:androidx.work.work-runtime-2.7.0:] AndroidManifest.xml:33:17-76
146                <action android:name="android.intent.action.ACTION_POWER_DISCONNECTED" />
146-->[:androidx.work.work-runtime-2.7.0:] AndroidManifest.xml:34:9-82
146-->[:androidx.work.work-runtime-2.7.0:] AndroidManifest.xml:34:17-79
147            </intent-filter>
148        </receiver>
149        <receiver
149-->[:androidx.work.work-runtime-2.7.0:] AndroidManifest.xml:37:5-42:16
150            android:name="androidx.work.impl.background.systemalarm.ConstraintProxy$BatteryNotLowProxy"
150-->[:androidx.work.work-runtime-2.7.0:] AndroidManifest.xml:37:15-106
151            android:directBootAware="false"
151-->[:androidx.work.work-runtime-2.7.0:] AndroidManifest.xml:37:107-138
152            android:enabled="false"
152-->[:androidx.work.work-runtime-2.7.0:] AndroidManifest.xml:37:139-162
153            android:exported="false" >
153-->[:androidx.work.work-runtime-2.7.0:] AndroidManifest.xml:37:163-187
154            <intent-filter>
154-->[:androidx.work.work-runtime-2.7.0:] AndroidManifest.xml:38:7-41:23
155                <action android:name="android.intent.action.BATTERY_OKAY" />
155-->[:androidx.work.work-runtime-2.7.0:] AndroidManifest.xml:39:9-69
155-->[:androidx.work.work-runtime-2.7.0:] AndroidManifest.xml:39:17-66
156                <action android:name="android.intent.action.BATTERY_LOW" />
156-->[:androidx.work.work-runtime-2.7.0:] AndroidManifest.xml:40:9-68
156-->[:androidx.work.work-runtime-2.7.0:] AndroidManifest.xml:40:17-65
157            </intent-filter>
158        </receiver>
159        <receiver
159-->[:androidx.work.work-runtime-2.7.0:] AndroidManifest.xml:43:5-48:16
160            android:name="androidx.work.impl.background.systemalarm.ConstraintProxy$StorageNotLowProxy"
160-->[:androidx.work.work-runtime-2.7.0:] AndroidManifest.xml:43:15-106
161            android:directBootAware="false"
161-->[:androidx.work.work-runtime-2.7.0:] AndroidManifest.xml:43:107-138
162            android:enabled="false"
162-->[:androidx.work.work-runtime-2.7.0:] AndroidManifest.xml:43:139-162
163            android:exported="false" >
163-->[:androidx.work.work-runtime-2.7.0:] AndroidManifest.xml:43:163-187
164            <intent-filter>
164-->[:androidx.work.work-runtime-2.7.0:] AndroidManifest.xml:44:7-47:23
165                <action android:name="android.intent.action.DEVICE_STORAGE_LOW" />
165-->[:androidx.work.work-runtime-2.7.0:] AndroidManifest.xml:45:9-75
165-->[:androidx.work.work-runtime-2.7.0:] AndroidManifest.xml:45:17-72
166                <action android:name="android.intent.action.DEVICE_STORAGE_OK" />
166-->[:androidx.work.work-runtime-2.7.0:] AndroidManifest.xml:46:9-74
166-->[:androidx.work.work-runtime-2.7.0:] AndroidManifest.xml:46:17-71
167            </intent-filter>
168        </receiver>
169        <receiver
169-->[:androidx.work.work-runtime-2.7.0:] AndroidManifest.xml:49:5-53:16
170            android:name="androidx.work.impl.background.systemalarm.ConstraintProxy$NetworkStateProxy"
170-->[:androidx.work.work-runtime-2.7.0:] AndroidManifest.xml:49:15-105
171            android:directBootAware="false"
171-->[:androidx.work.work-runtime-2.7.0:] AndroidManifest.xml:49:106-137
172            android:enabled="false"
172-->[:androidx.work.work-runtime-2.7.0:] AndroidManifest.xml:49:138-161
173            android:exported="false" >
173-->[:androidx.work.work-runtime-2.7.0:] AndroidManifest.xml:49:162-186
174            <intent-filter>
174-->[:androidx.work.work-runtime-2.7.0:] AndroidManifest.xml:50:7-52:23
175                <action android:name="android.net.conn.CONNECTIVITY_CHANGE" />
175-->[:androidx.work.work-runtime-2.7.0:] AndroidManifest.xml:51:9-71
175-->[:androidx.work.work-runtime-2.7.0:] AndroidManifest.xml:51:17-68
176            </intent-filter>
177        </receiver>
178        <receiver
178-->[:androidx.work.work-runtime-2.7.0:] AndroidManifest.xml:54:5-60:16
179            android:name="androidx.work.impl.background.systemalarm.RescheduleReceiver"
179-->[:androidx.work.work-runtime-2.7.0:] AndroidManifest.xml:54:15-90
180            android:directBootAware="false"
180-->[:androidx.work.work-runtime-2.7.0:] AndroidManifest.xml:54:91-122
181            android:enabled="false"
181-->[:androidx.work.work-runtime-2.7.0:] AndroidManifest.xml:54:123-146
182            android:exported="false" >
182-->[:androidx.work.work-runtime-2.7.0:] AndroidManifest.xml:54:147-171
183            <intent-filter>
183-->[:androidx.work.work-runtime-2.7.0:] AndroidManifest.xml:55:7-59:23
184                <action android:name="android.intent.action.BOOT_COMPLETED" />
184-->[:androidx.work.work-runtime-2.7.0:] AndroidManifest.xml:56:9-71
184-->[:androidx.work.work-runtime-2.7.0:] AndroidManifest.xml:56:17-68
185                <action android:name="android.intent.action.TIME_SET" />
185-->[:androidx.work.work-runtime-2.7.0:] AndroidManifest.xml:57:9-65
185-->[:androidx.work.work-runtime-2.7.0:] AndroidManifest.xml:57:17-62
186                <action android:name="android.intent.action.TIMEZONE_CHANGED" />
186-->[:androidx.work.work-runtime-2.7.0:] AndroidManifest.xml:58:9-73
186-->[:androidx.work.work-runtime-2.7.0:] AndroidManifest.xml:58:17-70
187            </intent-filter>
188        </receiver>
189        <receiver
189-->[:androidx.work.work-runtime-2.7.0:] AndroidManifest.xml:61:5-65:16
190            android:name="androidx.work.impl.background.systemalarm.ConstraintProxyUpdateReceiver"
190-->[:androidx.work.work-runtime-2.7.0:] AndroidManifest.xml:61:15-101
191            android:directBootAware="false"
191-->[:androidx.work.work-runtime-2.7.0:] AndroidManifest.xml:61:102-133
192            android:enabled="@bool/enable_system_alarm_service_default"
192-->[:androidx.work.work-runtime-2.7.0:] AndroidManifest.xml:61:134-193
193            android:exported="false" >
193-->[:androidx.work.work-runtime-2.7.0:] AndroidManifest.xml:61:194-218
194            <intent-filter>
194-->[:androidx.work.work-runtime-2.7.0:] AndroidManifest.xml:62:7-64:23
195                <action android:name="androidx.work.impl.background.systemalarm.UpdateProxies" />
195-->[:androidx.work.work-runtime-2.7.0:] AndroidManifest.xml:63:9-90
195-->[:androidx.work.work-runtime-2.7.0:] AndroidManifest.xml:63:17-87
196            </intent-filter>
197        </receiver>
198        <receiver
198-->[:androidx.work.work-runtime-2.7.0:] AndroidManifest.xml:66:5-70:16
199            android:name="androidx.work.impl.diagnostics.DiagnosticsReceiver"
199-->[:androidx.work.work-runtime-2.7.0:] AndroidManifest.xml:66:15-80
200            android:directBootAware="false"
200-->[:androidx.work.work-runtime-2.7.0:] AndroidManifest.xml:66:81-112
201            android:enabled="true"
201-->[:androidx.work.work-runtime-2.7.0:] AndroidManifest.xml:66:113-135
202            android:exported="true"
202-->[:androidx.work.work-runtime-2.7.0:] AndroidManifest.xml:66:136-159
203            android:permission="android.permission.DUMP" >
203-->[:androidx.work.work-runtime-2.7.0:] AndroidManifest.xml:66:160-204
204            <intent-filter>
204-->[:androidx.work.work-runtime-2.7.0:] AndroidManifest.xml:67:7-69:23
205                <action android:name="androidx.work.diagnostics.REQUEST_DIAGNOSTICS" />
205-->[:androidx.work.work-runtime-2.7.0:] AndroidManifest.xml:68:9-80
205-->[:androidx.work.work-runtime-2.7.0:] AndroidManifest.xml:68:17-77
206            </intent-filter>
207        </receiver> <!-- Include the AdActivity and InAppPurchaseActivity configChanges and themes. -->
208        <activity
208-->[:com.google.android.gms.play-services-ads-lite-22.3.0:] AndroidManifest.xml:41:5-282
209            android:name="com.google.android.gms.ads.AdActivity"
209-->[:com.google.android.gms.play-services-ads-lite-22.3.0:] AndroidManifest.xml:41:15-67
210            android:configChanges="keyboard|keyboardHidden|orientation|screenLayout|uiMode|screenSize|smallestScreenSize"
210-->[:com.google.android.gms.play-services-ads-lite-22.3.0:] AndroidManifest.xml:41:68-177
211            android:exported="false"
211-->[:com.google.android.gms.play-services-ads-lite-22.3.0:] AndroidManifest.xml:41:178-202
212            android:theme="@android:style/Theme.Translucent" />
212-->[:com.google.android.gms.play-services-ads-lite-22.3.0:] AndroidManifest.xml:41:203-251
213
214        <provider
214-->[:com.google.android.gms.play-services-ads-lite-22.3.0:] AndroidManifest.xml:42:5-249
215            android:name="com.google.android.gms.ads.MobileAdsInitProvider"
215-->[:com.google.android.gms.play-services-ads-lite-22.3.0:] AndroidManifest.xml:42:15-78
216            android:authorities="com.SimpleIsBestByHyun.rockPaperScissorsByHyun.mobileadsinitprovider"
216-->[:com.google.android.gms.play-services-ads-lite-22.3.0:] AndroidManifest.xml:42:79-169
217            android:exported="false"
217-->[:com.google.android.gms.play-services-ads-lite-22.3.0:] AndroidManifest.xml:42:170-194
218            android:initOrder="100" />
218-->[:com.google.android.gms.play-services-ads-lite-22.3.0:] AndroidManifest.xml:42:195-218
219
220        <service
220-->[:com.google.android.gms.play-services-ads-lite-22.3.0:] AndroidManifest.xml:43:5-144
221            android:name="com.google.android.gms.ads.AdService"
221-->[:com.google.android.gms.play-services-ads-lite-22.3.0:] AndroidManifest.xml:43:14-65
222            android:enabled="true"
222-->[:com.google.android.gms.play-services-ads-lite-22.3.0:] AndroidManifest.xml:43:66-88
223            android:exported="false" />
223-->[:com.google.android.gms.play-services-ads-lite-22.3.0:] AndroidManifest.xml:43:89-113
224
225        <activity
225-->[:com.google.android.gms.play-services-ads-lite-22.3.0:] AndroidManifest.xml:44:5-250
226            android:name="com.google.android.gms.ads.OutOfContextTestingActivity"
226-->[:com.google.android.gms.play-services-ads-lite-22.3.0:] AndroidManifest.xml:44:15-84
227            android:configChanges="keyboard|keyboardHidden|orientation|screenLayout|uiMode|screenSize|smallestScreenSize"
227-->[:com.google.android.gms.play-services-ads-lite-22.3.0:] AndroidManifest.xml:44:85-194
228            android:exported="false" />
228-->[:com.google.android.gms.play-services-ads-lite-22.3.0:] AndroidManifest.xml:44:195-219
229        <activity
229-->[:com.google.android.gms.play-services-base-18.0.0:] AndroidManifest.xml:20:9-22:45
230            android:name="com.google.android.gms.common.api.GoogleApiActivity"
230-->[:com.google.android.gms.play-services-base-18.0.0:] AndroidManifest.xml:20:19-85
231            android:exported="false"
231-->[:com.google.android.gms.play-services-base-18.0.0:] AndroidManifest.xml:22:19-43
232            android:theme="@android:style/Theme.Translucent.NoTitleBar" />
232-->[:com.google.android.gms.play-services-base-18.0.0:] AndroidManifest.xml:21:19-78
233
234        <meta-data
234-->[:com.google.android.gms.play-services-basement-18.0.0:] AndroidManifest.xml:21:9-23:69
235            android:name="com.google.android.gms.version"
235-->[:com.google.android.gms.play-services-basement-18.0.0:] AndroidManifest.xml:22:13-58
236            android:value="@integer/google_play_services_version" />
236-->[:com.google.android.gms.play-services-basement-18.0.0:] AndroidManifest.xml:23:13-66
237
238        <uses-library
238-->[:unityLibrary:GoogleMobileAdsPlugin.androidlib] AndroidManifest.xml:12:9-14:40
239            android:name="org.apache.http.legacy"
239-->[:unityLibrary:GoogleMobileAdsPlugin.androidlib] AndroidManifest.xml:13:13-50
240            android:required="false" />
240-->[:unityLibrary:GoogleMobileAdsPlugin.androidlib] AndroidManifest.xml:14:13-37
241
242        <meta-data
242-->[:unityLibrary:GoogleMobileAdsPlugin.androidlib] AndroidManifest.xml:16:9-18:70
243            android:name="com.google.android.gms.ads.APPLICATION_ID"
243-->[:unityLibrary:GoogleMobileAdsPlugin.androidlib] AndroidManifest.xml:17:13-69
244            android:value="ca-app-pub-3940256099942544~5224354917" />
244-->[:unityLibrary:GoogleMobileAdsPlugin.androidlib] AndroidManifest.xml:18:13-67
245        <meta-data
245-->[:unityLibrary:GoogleMobileAdsPlugin.androidlib] AndroidManifest.xml:19:9-21:43
246            android:name="com.google.unity.ads.UNITY_VERSION"
246-->[:unityLibrary:GoogleMobileAdsPlugin.androidlib] AndroidManifest.xml:20:13-62
247            android:value="2020.3.18f1" />
247-->[:unityLibrary:GoogleMobileAdsPlugin.androidlib] AndroidManifest.xml:21:13-40
248    </application>
249
250</manifest>